<?xml version='1.0' encoding='UTF-8'?>
<testsuite hostname="DESKTOP-I468C6S" name="poker.PotManagerSpec" tests="4" errors="0" failures="0" skipped="0" time="0.065" timestamp="2025-09-19T23:51:44">
          <properties>
[...]
</properties>
          <testcase classname="poker.PotManagerSpec" name="buildPotState computes side pots correctly" time="0.033">
                      
                    </testcase><testcase classname="poker.PotManagerSpec" name="resolveShowdown distributes side pots to winners" time="0.02">
                      
                    </testcase><testcase classname="poker.PotManagerSpec" name="folded chips stay in the pot" time="0.008">
                      
                    </testcase><testcase classname="poker.PotManagerSpec" name="odd chips go to the first eligible winner in seat order" time="0.004">
                      
                    </testcase>
          <system-out><![CDATA[]]></system-out>
          <system-err><![CDATA[]]></system-err>
        </testsuite>